app/build/intermediates/manifest_merge_blame_file/release/manifest-merger-blame-release-report.txt
1<?xml version="1.0" encoding="utf-8"?>
2<manifest xmlns:android="http://schemas.android.com/apk/res/android"
3    package="com.example.tetris"
4    android:versionCode="1"
5    android:versionName="1.2" >
6
7    <uses-sdk
8        android:minSdkVersion="15"
8-->src\main\AndroidManifest.xml
9        android:targetSdkVersion="29" />
9-->src\main\AndroidManifest.xml
10
11    <uses-feature
11-->src\main\AndroidManifest.xml:5:5-6:35
12        android:name="android.hardware.camera"
12-->src\main\AndroidManifest.xml:5:19-57
13        android:required="true" />
13-->src\main\AndroidManifest.xml:6:9-32
14
15    <uses-permission android:name="android.permission.WRITE_EXTERNAL_STORAGE" />
15-->src\main\AndroidManifest.xml:7:5-80
15-->src\main\AndroidManifest.xml:7:22-78
16
17    <application
17-->src\main\AndroidManifest.xml:9:5-60:19
18        android:allowBackup="true"
18-->src\main\AndroidManifest.xml:10:9-35
19        android:appComponentFactory="androidx.core.app.CoreComponentFactory"
19-->[androidx.core:core:1.1.0] AndroidManifest.xml:24:18-86
20        android:icon="@mipmap/ic_launcher"
20-->src\main\AndroidManifest.xml:11:9-43
21        android:label="@string/app_name"
21-->src\main\AndroidManifest.xml:12:9-41
22        android:roundIcon="@mipmap/ic_launcher_round"
22-->src\main\AndroidManifest.xml:13:9-54
23        android:supportsRtl="true"
23-->src\main\AndroidManifest.xml:14:9-35
24        android:theme="@style/AppTheme" >
24-->src\main\AndroidManifest.xml:15:9-40
25        <activity
25-->src\main\AndroidManifest.xml:16:9-18:15
26            android:name="com.example.tetris.Rankings"
26-->src\main\AndroidManifest.xml:16:19-43
27            android:theme="@style/Theme.AppCompat.NoActionBar" />
27-->src\main\AndroidManifest.xml:17:13-63
28        <activity
28-->src\main\AndroidManifest.xml:19:9-21:65
29            android:name="com.example.tetris.CreditosActivity"
29-->src\main\AndroidManifest.xml:20:13-45
30            android:theme="@style/Theme.AppCompat.NoActionBar" />
30-->src\main\AndroidManifest.xml:21:13-63
31        <activity
31-->src\main\AndroidManifest.xml:22:9-24:65
32            android:name="com.example.tetris.ColoresActivity"
32-->src\main\AndroidManifest.xml:23:13-44
33            android:theme="@style/Theme.AppCompat.NoActionBar" />
33-->src\main\AndroidManifest.xml:24:13-63
34        <activity
34-->src\main\AndroidManifest.xml:25:9-27:65
35            android:name="com.example.tetris.InstruccionesActivity"
35-->src\main\AndroidManifest.xml:26:13-50
36            android:theme="@style/Theme.AppCompat.NoActionBar" />
36-->src\main\AndroidManifest.xml:27:13-63
37        <activity
37-->src\main\AndroidManifest.xml:28:9-30:65
38            android:name="com.example.tetris.AjustesActivity"
38-->src\main\AndroidManifest.xml:29:13-44
39            android:theme="@style/Theme.AppCompat.NoActionBar" />
39-->src\main\AndroidManifest.xml:30:13-63
40        <activity
40-->src\main\AndroidManifest.xml:31:9-33:66
41            android:name="com.example.tetris.Exit"
41-->src\main\AndroidManifest.xml:32:13-33
42            android:theme="@style/Theme.AppCompat.NoActionBar" />
42-->src\main\AndroidManifest.xml:33:13-63
43        <activity
43-->src\main\AndroidManifest.xml:34:9-42:20
44            android:name="com.example.tetris.Inicio"
44-->src\main\AndroidManifest.xml:35:13-35
45            android:theme="@style/Theme.AppCompat.NoActionBar" >
45-->src\main\AndroidManifest.xml:36:13-63
46            <intent-filter>
46-->src\main\AndroidManifest.xml:37:13-41:29
47                <action android:name="android.intent.action.MAIN" />
47-->src\main\AndroidManifest.xml:38:17-69
47-->src\main\AndroidManifest.xml:38:25-66
48
49                <category android:name="android.intent.category.LAUNCHER" />
49-->src\main\AndroidManifest.xml:40:17-77
49-->src\main\AndroidManifest.xml:40:27-74
50            </intent-filter>
51        </activity>
52
53        <service
53-->src\main\AndroidManifest.xml:43:9-46:48
54            android:name="com.example.tetris.AudioService"
54-->src\main\AndroidManifest.xml:44:13-41
55            android:icon="@mipmap/ic_launcher"
55-->src\main\AndroidManifest.xml:45:13-47
56            android:label="@string/app_name" />
56-->src\main\AndroidManifest.xml:46:13-45
57
58        <activity
58-->src\main\AndroidManifest.xml:47:9-49:66
59            android:name="com.example.tetris.MainActivity"
59-->src\main\AndroidManifest.xml:48:13-41
60            android:theme="@style/Theme.AppCompat.NoActionBar" />
60-->src\main\AndroidManifest.xml:49:13-63
61
62        <provider
62-->src\main\AndroidManifest.xml:50:9-59:20
63            android:name="androidx.core.content.FileProvider"
63-->src\main\AndroidManifest.xml:51:13-62
64            android:authorities="com.example.android.fileprovider"
64-->src\main\AndroidManifest.xml:52:13-67
65            android:exported="false"
65-->src\main\AndroidManifest.xml:53:13-37
66            android:grantUriPermissions="true" >
66-->src\main\AndroidManifest.xml:54:13-47
67            <meta-data
67-->src\main\AndroidManifest.xml:55:13-58:25
68                android:name="android.support.FILE_PROVIDER_PATHS"
68-->src\main\AndroidManifest.xml:56:17-67
69                android:resource="@xml/file_paths" >
69-->src\main\AndroidManifest.xml:57:17-51
70            </meta-data>
71        </provider>
72    </application>
73
74</manifest>